Error [2]: Undefined variable $undefined_variable in C:\xampp\htdocs\Tech_Shop_Website_Gr.6\Website-Php-functions\errorHandler.php on line 19
Error [2]: Undefined variable $undefined_variable in C:\xampp\htdocs\Tech_Shop_Website_Gr.6\shop.php on line 16
Error [2]: Undefined variable $undefined_variable in C:\xampp\htdocs\Tech_Shop_Website_Gr.6\shop.php on line 16 
Error [2]: Undefined variable $undefined_variable in C:\xampp\htdocs\Tech_Shop_Website_Gr.6\shop.php on line 16 
Error [2]: Undefined variable $undefined_variable in C:\xampp\htdocs\Tech_Shop_Website_Gr.6\shop.php on line 16 
Error [2]: Undefined variable $undefined_variable in C:\xampp\htdocs\Tech_Shop_Website_Gr.6\shop.php on line 16 
Error [2]: Undefined variable $undefined_variable in C:\xampp\htdocs\Tech_Shop_Website_Gr.6\shop.php on line 16 
Error [2]: Undefined variable $undefined_variable in C:\xampp\htdocs\Tech_Shop_Website_Gr.6\shop.php on line 16 
Error [2]: Undefined variable $undefined_variable in C:\xampp\htdocs\Tech_Shop_Website_Gr.6\shop.php on line 16 
Error [2]: Undefined variable $undefined_variable in C:\xampp\htdocs\Tech_Shop_Website_Gr.6\shop.php on line 16 
Error [2]: Undefined variable $undefined_variable in C:\xampp\htdocs\Tech_Shop_Website_Gr.6\shop.php on line 16 
Error [2]: Undefined variable $undefined_variable in C:\xampp\htdocs\Tech_Shop_Website_Gr.6\shop.php on line 16 
Error [2]: Undefined variable $undefined_variable in C:\xampp\htdocs\Tech_Shop_Website_Gr.6\shop.php on line 16 
Division by zero error in C:\xampp\htdocs\Tech_Shop_Website_Gr.6\shop.php on line 16 
Division by zero error in C:\xampp\htdocs\Tech_Shop_Website_Gr.6\shop.php on line 16 
Division by zero error in C:\xampp\htdocs\Tech_Shop_Website_Gr.6\shop.php on line 16 
Division by zero error in C:\xampp\htdocs\Tech_Shop_Website_Gr.6\shop.php on line 16 
Division by zero error in C:\xampp\htdocs\Tech_Shop_Website_Gr.6\shop.php on line 16 
Error [2]: Undefined variable $undefined_variable in C:\xampp\htdocs\Tech_Shop_Website_Gr.6\shop.php on line 16 
Error [2]: Undefined variable $undefined_variable in C:\xampp\htdocs\Tech_Shop_Website_Gr.6\shop.php on line 16 
Error [2]: Undefined variable $undefined_variable in C:\xampp\htdocs\Tech_Shop_Website_Gr.6\shop.php on line 16 
Error [2]: Undefined variable $undefined_variable in C:\xampp\htdocs\Tech_Shop_Website_Gr.6\shop.php on line 16 
Error [2]: Undefined variable $undefined_variable in C:\xampp\htdocs\Tech_Shop_Website_Gr.6\shop.php on line 16 
Error [2]: Undefined variable $undefined_variable in C:\xampp\htdocs\Tech_Shop_Website_Gr.6\shop.php on line 16 
Error [2]: Undefined variable $undefined_variable in C:\xampp\htdocs\Tech_Shop_Website_Gr.6\shop.php on line 16 
Error [2]: Undefined variable $undefined_variable in C:\xampp\htdocs\Tech_Shop_Website_Gr.6\shop.php on line 16 
Error [2]: Undefined variable $undefined_variable in C:\xampp\htdocs\Tech_Shop_Website_Gr.6\shop.php on line 16 
Error [2]: Undefined variable $undefined_variable in C:\xampp\htdocs\Tech_Shop_Website_Gr.6\shop.php on line 12 
Error [2]: Undefined variable $undefined_variable in C:\xampp\htdocs\Tech_Shop_Website_Gr.6\shop.php on line 12 
Error [2]: Undefined variable $undefined_variable in C:\xampp\htdocs\Tech_Shop_Website_Gr.6\shop.php on line 12 
Error [8]: Only variables should be passed by reference in C:\xampp\htdocs\Tech_Shop_Website_Gr.6\Data-Objects\databaseManipulationFunctions.php on line 220 
Error [8]: Only variables should be passed by reference in C:\xampp\htdocs\Tech_Shop_Website_Gr.6\Data-Objects\databaseManipulationFunctions.php on line 230 
Error [2]: Undefined variable $undefined_variable in C:\xampp\htdocs\Tech_Shop_Website_Gr.6\shop.php on line 12 
Error [2]: Cannot modify header information - headers already sent by (output started at C:\xampp\htdocs\Tech_Shop_Website_Gr.6\includes\header.php:24) in C:\xampp\htdocs\Tech_Shop_Website_Gr.6\Data-Objects\recomendProducts.php on line 29 
Error [2]: Cannot modify header information - headers already sent by (output started at C:\xampp\htdocs\Tech_Shop_Website_Gr.6\includes\header.php:24) in C:\xampp\htdocs\Tech_Shop_Website_Gr.6\Data-Objects\recomendProducts.php on line 29 
Error [2]: Cannot modify header information - headers already sent by (output started at C:\xampp\htdocs\Tech_Shop_Website_Gr.6\includes\header.php:24) in C:\xampp\htdocs\Tech_Shop_Website_Gr.6\Data-Objects\recomendProducts.php on line 29 
Error [2]: Cannot modify header information - headers already sent by (output started at C:\xampp\htdocs\Tech_Shop_Website_Gr.6\includes\header.php:24) in C:\xampp\htdocs\Tech_Shop_Website_Gr.6\Data-Objects\recomendProducts.php on line 29 
Error [2]: Cannot modify header information - headers already sent by (output started at C:\xampp\htdocs\Tech_Shop_Website_Gr.6\includes\header.php:24) in C:\xampp\htdocs\Tech_Shop_Website_Gr.6\Data-Objects\recomendProducts.php on line 29 
